[22-May-2023 13:28:34 UTC] PHP Warning:  Undefined array key "HTTP_AUTHORIZATION" in C:\Users\Admin\Local Sites\unifacts\app\public\wp-content\plugins\jwt-authentication-for-wp-rest-api\public\class-jwt-auth-public.php on line 222
[22-May-2023 13:28:34 UTC] PHP Warning:  Undefined array key "REDIRECT_HTTP_AUTHORIZATION" in C:\Users\Admin\Local Sites\unifacts\app\public\wp-content\plugins\jwt-authentication-for-wp-rest-api\public\class-jwt-auth-public.php on line 225
[22-May-2023 13:33:44 UTC] PHP Warning:  Undefined array key "HTTP_AUTHORIZATION" in C:\Users\Admin\Local Sites\unifacts\app\public\wp-content\plugins\jwt-authentication-for-wp-rest-api\public\class-jwt-auth-public.php on line 222
[22-May-2023 13:33:44 UTC] PHP Warning:  Undefined array key "REDIRECT_HTTP_AUTHORIZATION" in C:\Users\Admin\Local Sites\unifacts\app\public\wp-content\plugins\jwt-authentication-for-wp-rest-api\public\class-jwt-auth-public.php on line 225
[22-May-2023 13:44:49 UTC] PHP Warning:  Undefined array key "HTTP_AUTHORIZATION" in C:\Users\Admin\Local Sites\unifacts\app\public\wp-content\plugins\jwt-authentication-for-wp-rest-api\public\class-jwt-auth-public.php on line 222
[22-May-2023 13:44:49 UTC] PHP Warning:  Undefined array key "REDIRECT_HTTP_AUTHORIZATION" in C:\Users\Admin\Local Sites\unifacts\app\public\wp-content\plugins\jwt-authentication-for-wp-rest-api\public\class-jwt-auth-public.php on line 225
[22-May-2023 13:44:49 UTC] PHP Warning:  Undefined array key "HTTP_AUTHORIZATION" in C:\Users\Admin\Local Sites\unifacts\app\public\wp-content\plugins\jwt-authentication-for-wp-rest-api\public\class-jwt-auth-public.php on line 222
[22-May-2023 13:44:49 UTC] PHP Warning:  Undefined array key "REDIRECT_HTTP_AUTHORIZATION" in C:\Users\Admin\Local Sites\unifacts\app\public\wp-content\plugins\jwt-authentication-for-wp-rest-api\public\class-jwt-auth-public.php on line 225
[22-May-2023 13:44:49 UTC] PHP Warning:  Undefined array key "HTTP_AUTHORIZATION" in C:\Users\Admin\Local Sites\unifacts\app\public\wp-content\plugins\jwt-authentication-for-wp-rest-api\public\class-jwt-auth-public.php on line 222
[22-May-2023 13:44:49 UTC] PHP Warning:  Undefined array key "REDIRECT_HTTP_AUTHORIZATION" in C:\Users\Admin\Local Sites\unifacts\app\public\wp-content\plugins\jwt-authentication-for-wp-rest-api\public\class-jwt-auth-public.php on line 225
[22-May-2023 13:44:49 UTC] PHP Warning:  Undefined array key "HTTP_AUTHORIZATION" in C:\Users\Admin\Local Sites\unifacts\app\public\wp-content\plugins\jwt-authentication-for-wp-rest-api\public\class-jwt-auth-public.php on line 222
[22-May-2023 13:44:49 UTC] PHP Warning:  Undefined array key "REDIRECT_HTTP_AUTHORIZATION" in C:\Users\Admin\Local Sites\unifacts\app\public\wp-content\plugins\jwt-authentication-for-wp-rest-api\public\class-jwt-auth-public.php on line 225
[22-May-2023 13:44:52 UTC] PHP Warning:  Undefined array key "HTTP_AUTHORIZATION" in C:\Users\Admin\Local Sites\unifacts\app\public\wp-content\plugins\jwt-authentication-for-wp-rest-api\public\class-jwt-auth-public.php on line 222
[22-May-2023 13:44:52 UTC] PHP Warning:  Undefined array key "REDIRECT_HTTP_AUTHORIZATION" in C:\Users\Admin\Local Sites\unifacts\app\public\wp-content\plugins\jwt-authentication-for-wp-rest-api\public\class-jwt-auth-public.php on line 225
[22-May-2023 13:44:52 UTC] PHP Warning:  Undefined array key "HTTP_AUTHORIZATION" in C:\Users\Admin\Local Sites\unifacts\app\public\wp-content\plugins\jwt-authentication-for-wp-rest-api\public\class-jwt-auth-public.php on line 222
[22-May-2023 13:44:52 UTC] PHP Warning:  Undefined array key "REDIRECT_HTTP_AUTHORIZATION" in C:\Users\Admin\Local Sites\unifacts\app\public\wp-content\plugins\jwt-authentication-for-wp-rest-api\public\class-jwt-auth-public.php on line 225
[22-May-2023 13:44:57 UTC] PHP Warning:  Undefined array key "HTTP_AUTHORIZATION" in C:\Users\Admin\Local Sites\unifacts\app\public\wp-content\plugins\jwt-authentication-for-wp-rest-api\public\class-jwt-auth-public.php on line 222
[22-May-2023 13:44:57 UTC] PHP Warning:  Undefined array key "REDIRECT_HTTP_AUTHORIZATION" in C:\Users\Admin\Local Sites\unifacts\app\public\wp-content\plugins\jwt-authentication-for-wp-rest-api\public\class-jwt-auth-public.php on line 225
[22-May-2023 13:44:57 UTC] PHP Warning:  Undefined array key "HTTP_AUTHORIZATION" in C:\Users\Admin\Local Sites\unifacts\app\public\wp-content\plugins\jwt-authentication-for-wp-rest-api\public\class-jwt-auth-public.php on line 222
[22-May-2023 13:44:57 UTC] PHP Warning:  Undefined array key "REDIRECT_HTTP_AUTHORIZATION" in C:\Users\Admin\Local Sites\unifacts\app\public\wp-content\plugins\jwt-authentication-for-wp-rest-api\public\class-jwt-auth-public.php on line 225
[22-May-2023 13:44:57 UTC] PHP Warning:  Undefined array key "HTTP_AUTHORIZATION" in C:\Users\Admin\Local Sites\unifacts\app\public\wp-content\plugins\jwt-authentication-for-wp-rest-api\public\class-jwt-auth-public.php on line 222
[22-May-2023 13:44:57 UTC] PHP Warning:  Undefined array key "REDIRECT_HTTP_AUTHORIZATION" in C:\Users\Admin\Local Sites\unifacts\app\public\wp-content\plugins\jwt-authentication-for-wp-rest-api\public\class-jwt-auth-public.php on line 225
[22-May-2023 13:44:58 UTC] PHP Warning:  Undefined array key "HTTP_AUTHORIZATION" in C:\Users\Admin\Local Sites\unifacts\app\public\wp-content\plugins\jwt-authentication-for-wp-rest-api\public\class-jwt-auth-public.php on line 222
[22-May-2023 13:44:58 UTC] PHP Warning:  Undefined array key "REDIRECT_HTTP_AUTHORIZATION" in C:\Users\Admin\Local Sites\unifacts\app\public\wp-content\plugins\jwt-authentication-for-wp-rest-api\public\class-jwt-auth-public.php on line 225
[22-May-2023 13:45:02 UTC] PHP Warning:  Undefined array key "HTTP_AUTHORIZATION" in C:\Users\Admin\Local Sites\unifacts\app\public\wp-content\plugins\jwt-authentication-for-wp-rest-api\public\class-jwt-auth-public.php on line 222
[22-May-2023 13:45:02 UTC] PHP Warning:  Undefined array key "REDIRECT_HTTP_AUTHORIZATION" in C:\Users\Admin\Local Sites\unifacts\app\public\wp-content\plugins\jwt-authentication-for-wp-rest-api\public\class-jwt-auth-public.php on line 225
[22-May-2023 13:45:02 UTC] PHP Warning:  Undefined array key "HTTP_AUTHORIZATION" in C:\Users\Admin\Local Sites\unifacts\app\public\wp-content\plugins\jwt-authentication-for-wp-rest-api\public\class-jwt-auth-public.php on line 222
[22-May-2023 13:45:02 UTC] PHP Warning:  Undefined array key "REDIRECT_HTTP_AUTHORIZATION" in C:\Users\Admin\Local Sites\unifacts\app\public\wp-content\plugins\jwt-authentication-for-wp-rest-api\public\class-jwt-auth-public.php on line 225
[22-May-2023 13:45:02 UTC] PHP Warning:  Undefined array key "HTTP_AUTHORIZATION" in C:\Users\Admin\Local Sites\unifacts\app\public\wp-content\plugins\jwt-authentication-for-wp-rest-api\public\class-jwt-auth-public.php on line 222
[22-May-2023 13:45:02 UTC] PHP Warning:  Undefined array key "REDIRECT_HTTP_AUTHORIZATION" in C:\Users\Admin\Local Sites\unifacts\app\public\wp-content\plugins\jwt-authentication-for-wp-rest-api\public\class-jwt-auth-public.php on line 225
[22-May-2023 13:45:15 UTC] PHP Warning:  Undefined array key "HTTP_AUTHORIZATION" in C:\Users\Admin\Local Sites\unifacts\app\public\wp-content\plugins\jwt-authentication-for-wp-rest-api\public\class-jwt-auth-public.php on line 222
[22-May-2023 13:45:15 UTC] PHP Warning:  Undefined array key "REDIRECT_HTTP_AUTHORIZATION" in C:\Users\Admin\Local Sites\unifacts\app\public\wp-content\plugins\jwt-authentication-for-wp-rest-api\public\class-jwt-auth-public.php on line 225
[22-May-2023 13:45:15 UTC] PHP Warning:  Undefined array key "HTTP_AUTHORIZATION" in C:\Users\Admin\Local Sites\unifacts\app\public\wp-content\plugins\jwt-authentication-for-wp-rest-api\public\class-jwt-auth-public.php on line 222
[22-May-2023 13:45:15 UTC] PHP Warning:  Undefined array key "REDIRECT_HTTP_AUTHORIZATION" in C:\Users\Admin\Local Sites\unifacts\app\public\wp-content\plugins\jwt-authentication-for-wp-rest-api\public\class-jwt-auth-public.php on line 225
[22-May-2023 13:45:15 UTC] PHP Warning:  Undefined array key "HTTP_AUTHORIZATION" in C:\Users\Admin\Local Sites\unifacts\app\public\wp-content\plugins\jwt-authentication-for-wp-rest-api\public\class-jwt-auth-public.php on line 222
[22-May-2023 13:45:15 UTC] PHP Warning:  Undefined array key "REDIRECT_HTTP_AUTHORIZATION" in C:\Users\Admin\Local Sites\unifacts\app\public\wp-content\plugins\jwt-authentication-for-wp-rest-api\public\class-jwt-auth-public.php on line 225
[22-May-2023 13:45:15 UTC] PHP Warning:  Undefined array key "HTTP_AUTHORIZATION" in C:\Users\Admin\Local Sites\unifacts\app\public\wp-content\plugins\jwt-authentication-for-wp-rest-api\public\class-jwt-auth-public.php on line 222
[22-May-2023 13:45:15 UTC] PHP Warning:  Undefined array key "REDIRECT_HTTP_AUTHORIZATION" in C:\Users\Admin\Local Sites\unifacts\app\public\wp-content\plugins\jwt-authentication-for-wp-rest-api\public\class-jwt-auth-public.php on line 225
[22-May-2023 13:45:18 UTC] PHP Warning:  Undefined array key "HTTP_AUTHORIZATION" in C:\Users\Admin\Local Sites\unifacts\app\public\wp-content\plugins\jwt-authentication-for-wp-rest-api\public\class-jwt-auth-public.php on line 222
[22-May-2023 13:45:18 UTC] PHP Warning:  Undefined array key "REDIRECT_HTTP_AUTHORIZATION" in C:\Users\Admin\Local Sites\unifacts\app\public\wp-content\plugins\jwt-authentication-for-wp-rest-api\public\class-jwt-auth-public.php on line 225
[22-May-2023 13:45:18 UTC] PHP Warning:  Undefined array key "HTTP_AUTHORIZATION" in C:\Users\Admin\Local Sites\unifacts\app\public\wp-content\plugins\jwt-authentication-for-wp-rest-api\public\class-jwt-auth-public.php on line 222
[22-May-2023 13:45:18 UTC] PHP Warning:  Undefined array key "REDIRECT_HTTP_AUTHORIZATION" in C:\Users\Admin\Local Sites\unifacts\app\public\wp-content\plugins\jwt-authentication-for-wp-rest-api\public\class-jwt-auth-public.php on line 225
[22-May-2023 13:45:18 UTC] PHP Warning:  Undefined array key "HTTP_AUTHORIZATION" in C:\Users\Admin\Local Sites\unifacts\app\public\wp-content\plugins\jwt-authentication-for-wp-rest-api\public\class-jwt-auth-public.php on line 222
[22-May-2023 13:45:18 UTC] PHP Warning:  Undefined array key "REDIRECT_HTTP_AUTHORIZATION" in C:\Users\Admin\Local Sites\unifacts\app\public\wp-content\plugins\jwt-authentication-for-wp-rest-api\public\class-jwt-auth-public.php on line 225
[22-May-2023 13:45:34 UTC] PHP Warning:  Undefined array key "HTTP_AUTHORIZATION" in C:\Users\Admin\Local Sites\unifacts\app\public\wp-content\plugins\jwt-authentication-for-wp-rest-api\public\class-jwt-auth-public.php on line 222
[22-May-2023 13:45:34 UTC] PHP Warning:  Undefined array key "REDIRECT_HTTP_AUTHORIZATION" in C:\Users\Admin\Local Sites\unifacts\app\public\wp-content\plugins\jwt-authentication-for-wp-rest-api\public\class-jwt-auth-public.php on line 225
[22-May-2023 13:45:34 UTC] PHP Warning:  Undefined array key "HTTP_AUTHORIZATION" in C:\Users\Admin\Local Sites\unifacts\app\public\wp-content\plugins\jwt-authentication-for-wp-rest-api\public\class-jwt-auth-public.php on line 222
[22-May-2023 13:45:34 UTC] PHP Warning:  Undefined array key "REDIRECT_HTTP_AUTHORIZATION" in C:\Users\Admin\Local Sites\unifacts\app\public\wp-content\plugins\jwt-authentication-for-wp-rest-api\public\class-jwt-auth-public.php on line 225
[22-May-2023 13:45:48 UTC] PHP Warning:  Undefined array key "HTTP_AUTHORIZATION" in C:\Users\Admin\Local Sites\unifacts\app\public\wp-content\plugins\jwt-authentication-for-wp-rest-api\public\class-jwt-auth-public.php on line 222
[22-May-2023 13:45:48 UTC] PHP Warning:  Undefined array key "REDIRECT_HTTP_AUTHORIZATION" in C:\Users\Admin\Local Sites\unifacts\app\public\wp-content\plugins\jwt-authentication-for-wp-rest-api\public\class-jwt-auth-public.php on line 225
[22-May-2023 13:45:48 UTC] PHP Warning:  Undefined array key "HTTP_AUTHORIZATION" in C:\Users\Admin\Local Sites\unifacts\app\public\wp-content\plugins\jwt-authentication-for-wp-rest-api\public\class-jwt-auth-public.php on line 222
[22-May-2023 13:45:48 UTC] PHP Warning:  Undefined array key "REDIRECT_HTTP_AUTHORIZATION" in C:\Users\Admin\Local Sites\unifacts\app\public\wp-content\plugins\jwt-authentication-for-wp-rest-api\public\class-jwt-auth-public.php on line 225
[22-May-2023 13:46:15 UTC] PHP Warning:  Undefined array key "HTTP_AUTHORIZATION" in C:\Users\Admin\Local Sites\unifacts\app\public\wp-content\plugins\jwt-authentication-for-wp-rest-api\public\class-jwt-auth-public.php on line 222
[22-May-2023 13:46:15 UTC] PHP Warning:  Undefined array key "REDIRECT_HTTP_AUTHORIZATION" in C:\Users\Admin\Local Sites\unifacts\app\public\wp-content\plugins\jwt-authentication-for-wp-rest-api\public\class-jwt-auth-public.php on line 225
[22-May-2023 13:46:15 UTC] PHP Warning:  Undefined array key "HTTP_AUTHORIZATION" in C:\Users\Admin\Local Sites\unifacts\app\public\wp-content\plugins\jwt-authentication-for-wp-rest-api\public\class-jwt-auth-public.php on line 222
[22-May-2023 13:46:15 UTC] PHP Warning:  Undefined array key "REDIRECT_HTTP_AUTHORIZATION" in C:\Users\Admin\Local Sites\unifacts\app\public\wp-content\plugins\jwt-authentication-for-wp-rest-api\public\class-jwt-auth-public.php on line 225
[22-May-2023 13:47:23 UTC] PHP Warning:  Undefined array key "HTTP_AUTHORIZATION" in C:\Users\Admin\Local Sites\unifacts\app\public\wp-content\plugins\jwt-authentication-for-wp-rest-api\public\class-jwt-auth-public.php on line 222
[22-May-2023 13:47:23 UTC] PHP Warning:  Undefined array key "REDIRECT_HTTP_AUTHORIZATION" in C:\Users\Admin\Local Sites\unifacts\app\public\wp-content\plugins\jwt-authentication-for-wp-rest-api\public\class-jwt-auth-public.php on line 225
[22-May-2023 13:47:23 UTC] PHP Warning:  Undefined array key "HTTP_AUTHORIZATION" in C:\Users\Admin\Local Sites\unifacts\app\public\wp-content\plugins\jwt-authentication-for-wp-rest-api\public\class-jwt-auth-public.php on line 222
[22-May-2023 13:47:23 UTC] PHP Warning:  Undefined array key "REDIRECT_HTTP_AUTHORIZATION" in C:\Users\Admin\Local Sites\unifacts\app\public\wp-content\plugins\jwt-authentication-for-wp-rest-api\public\class-jwt-auth-public.php on line 225
[22-May-2023 13:47:23 UTC] PHP Warning:  Undefined array key "HTTP_AUTHORIZATION" in C:\Users\Admin\Local Sites\unifacts\app\public\wp-content\plugins\jwt-authentication-for-wp-rest-api\public\class-jwt-auth-public.php on line 222
[22-May-2023 13:47:23 UTC] PHP Warning:  Undefined array key "REDIRECT_HTTP_AUTHORIZATION" in C:\Users\Admin\Local Sites\unifacts\app\public\wp-content\plugins\jwt-authentication-for-wp-rest-api\public\class-jwt-auth-public.php on line 225
[22-May-2023 13:47:23 UTC] PHP Warning:  Undefined array key "HTTP_AUTHORIZATION" in C:\Users\Admin\Local Sites\unifacts\app\public\wp-content\plugins\jwt-authentication-for-wp-rest-api\public\class-jwt-auth-public.php on line 222
[22-May-2023 13:47:23 UTC] PHP Warning:  Undefined array key "REDIRECT_HTTP_AUTHORIZATION" in C:\Users\Admin\Local Sites\unifacts\app\public\wp-content\plugins\jwt-authentication-for-wp-rest-api\public\class-jwt-auth-public.php on line 225
[22-May-2023 13:48:38 UTC] PHP Warning:  Undefined array key "HTTP_AUTHORIZATION" in C:\Users\Admin\Local Sites\unifacts\app\public\wp-content\plugins\jwt-authentication-for-wp-rest-api\public\class-jwt-auth-public.php on line 222
[22-May-2023 13:48:38 UTC] PHP Warning:  Undefined array key "REDIRECT_HTTP_AUTHORIZATION" in C:\Users\Admin\Local Sites\unifacts\app\public\wp-content\plugins\jwt-authentication-for-wp-rest-api\public\class-jwt-auth-public.php on line 225
[22-May-2023 13:48:38 UTC] PHP Warning:  Undefined array key "HTTP_AUTHORIZATION" in C:\Users\Admin\Local Sites\unifacts\app\public\wp-content\plugins\jwt-authentication-for-wp-rest-api\public\class-jwt-auth-public.php on line 222
[22-May-2023 13:48:38 UTC] PHP Warning:  Undefined array key "REDIRECT_HTTP_AUTHORIZATION" in C:\Users\Admin\Local Sites\unifacts\app\public\wp-content\plugins\jwt-authentication-for-wp-rest-api\public\class-jwt-auth-public.php on line 225
[22-May-2023 13:48:45 UTC] PHP Warning:  Undefined array key "HTTP_AUTHORIZATION" in C:\Users\Admin\Local Sites\unifacts\app\public\wp-content\plugins\jwt-authentication-for-wp-rest-api\public\class-jwt-auth-public.php on line 222
[22-May-2023 13:48:45 UTC] PHP Warning:  Undefined array key "REDIRECT_HTTP_AUTHORIZATION" in C:\Users\Admin\Local Sites\unifacts\app\public\wp-content\plugins\jwt-authentication-for-wp-rest-api\public\class-jwt-auth-public.php on line 225
[22-May-2023 13:49:31 UTC] PHP Warning:  Undefined array key "HTTP_AUTHORIZATION" in C:\Users\Admin\Local Sites\unifacts\app\public\wp-content\plugins\jwt-authentication-for-wp-rest-api\public\class-jwt-auth-public.php on line 222
[22-May-2023 13:49:31 UTC] PHP Warning:  Undefined array key "HTTP_AUTHORIZATION" in C:\Users\Admin\Local Sites\unifacts\app\public\wp-content\plugins\jwt-authentication-for-wp-rest-api\public\class-jwt-auth-public.php on line 222
[22-May-2023 13:49:31 UTC] PHP Warning:  Undefined array key "REDIRECT_HTTP_AUTHORIZATION" in C:\Users\Admin\Local Sites\unifacts\app\public\wp-content\plugins\jwt-authentication-for-wp-rest-api\public\class-jwt-auth-public.php on line 225
[22-May-2023 13:49:31 UTC] PHP Warning:  Undefined array key "REDIRECT_HTTP_AUTHORIZATION" in C:\Users\Admin\Local Sites\unifacts\app\public\wp-content\plugins\jwt-authentication-for-wp-rest-api\public\class-jwt-auth-public.php on line 225
[22-May-2023 13:49:32 UTC] PHP Warning:  Undefined array key "HTTP_AUTHORIZATION" in C:\Users\Admin\Local Sites\unifacts\app\public\wp-content\plugins\jwt-authentication-for-wp-rest-api\public\class-jwt-auth-public.php on line 222
[22-May-2023 13:49:32 UTC] PHP Warning:  Undefined array key "REDIRECT_HTTP_AUTHORIZATION" in C:\Users\Admin\Local Sites\unifacts\app\public\wp-content\plugins\jwt-authentication-for-wp-rest-api\public\class-jwt-auth-public.php on line 225
[22-May-2023 13:49:32 UTC] PHP Warning:  Undefined array key "HTTP_AUTHORIZATION" in C:\Users\Admin\Local Sites\unifacts\app\public\wp-content\plugins\jwt-authentication-for-wp-rest-api\public\class-jwt-auth-public.php on line 222
[22-May-2023 13:49:32 UTC] PHP Warning:  Undefined array key "REDIRECT_HTTP_AUTHORIZATION" in C:\Users\Admin\Local Sites\unifacts\app\public\wp-content\plugins\jwt-authentication-for-wp-rest-api\public\class-jwt-auth-public.php on line 225
[22-May-2023 13:49:32 UTC] PHP Warning:  Undefined array key "HTTP_AUTHORIZATION" in C:\Users\Admin\Local Sites\unifacts\app\public\wp-content\plugins\jwt-authentication-for-wp-rest-api\public\class-jwt-auth-public.php on line 222
[22-May-2023 13:49:32 UTC] PHP Warning:  Undefined array key "REDIRECT_HTTP_AUTHORIZATION" in C:\Users\Admin\Local Sites\unifacts\app\public\wp-content\plugins\jwt-authentication-for-wp-rest-api\public\class-jwt-auth-public.php on line 225
[22-May-2023 13:49:32 UTC] PHP Warning:  Undefined array key "HTTP_AUTHORIZATION" in C:\Users\Admin\Local Sites\unifacts\app\public\wp-content\plugins\jwt-authentication-for-wp-rest-api\public\class-jwt-auth-public.php on line 222
[22-May-2023 13:49:32 UTC] PHP Warning:  Undefined array key "REDIRECT_HTTP_AUTHORIZATION" in C:\Users\Admin\Local Sites\unifacts\app\public\wp-content\plugins\jwt-authentication-for-wp-rest-api\public\class-jwt-auth-public.php on line 225
[22-May-2023 13:49:33 UTC] PHP Warning:  Undefined array key "HTTP_AUTHORIZATION" in C:\Users\Admin\Local Sites\unifacts\app\public\wp-content\plugins\jwt-authentication-for-wp-rest-api\public\class-jwt-auth-public.php on line 222
[22-May-2023 13:49:33 UTC] PHP Warning:  Undefined array key "REDIRECT_HTTP_AUTHORIZATION" in C:\Users\Admin\Local Sites\unifacts\app\public\wp-content\plugins\jwt-authentication-for-wp-rest-api\public\class-jwt-auth-public.php on line 225
[22-May-2023 13:49:33 UTC] PHP Warning:  Undefined array key "HTTP_AUTHORIZATION" in C:\Users\Admin\Local Sites\unifacts\app\public\wp-content\plugins\jwt-authentication-for-wp-rest-api\public\class-jwt-auth-public.php on line 222
[22-May-2023 13:49:33 UTC] PHP Warning:  Undefined array key "REDIRECT_HTTP_AUTHORIZATION" in C:\Users\Admin\Local Sites\unifacts\app\public\wp-content\plugins\jwt-authentication-for-wp-rest-api\public\class-jwt-auth-public.php on line 225
[22-May-2023 13:49:34 UTC] PHP Warning:  Undefined array key "HTTP_AUTHORIZATION" in C:\Users\Admin\Local Sites\unifacts\app\public\wp-content\plugins\jwt-authentication-for-wp-rest-api\public\class-jwt-auth-public.php on line 222
[22-May-2023 13:49:34 UTC] PHP Warning:  Undefined array key "REDIRECT_HTTP_AUTHORIZATION" in C:\Users\Admin\Local Sites\unifacts\app\public\wp-content\plugins\jwt-authentication-for-wp-rest-api\public\class-jwt-auth-public.php on line 225
[22-May-2023 13:49:34 UTC] PHP Warning:  Undefined array key "HTTP_AUTHORIZATION" in C:\Users\Admin\Local Sites\unifacts\app\public\wp-content\plugins\jwt-authentication-for-wp-rest-api\public\class-jwt-auth-public.php on line 222
[22-May-2023 13:49:34 UTC] PHP Warning:  Undefined array key "REDIRECT_HTTP_AUTHORIZATION" in C:\Users\Admin\Local Sites\unifacts\app\public\wp-content\plugins\jwt-authentication-for-wp-rest-api\public\class-jwt-auth-public.php on line 225
[22-May-2023 13:49:34 UTC] PHP Warning:  Undefined array key "HTTP_AUTHORIZATION" in C:\Users\Admin\Local Sites\unifacts\app\public\wp-content\plugins\jwt-authentication-for-wp-rest-api\public\class-jwt-auth-public.php on line 222
[22-May-2023 13:49:34 UTC] PHP Warning:  Undefined array key "REDIRECT_HTTP_AUTHORIZATION" in C:\Users\Admin\Local Sites\unifacts\app\public\wp-content\plugins\jwt-authentication-for-wp-rest-api\public\class-jwt-auth-public.php on line 225
[22-May-2023 13:49:34 UTC] PHP Warning:  Undefined array key "HTTP_AUTHORIZATION" in C:\Users\Admin\Local Sites\unifacts\app\public\wp-content\plugins\jwt-authentication-for-wp-rest-api\public\class-jwt-auth-public.php on line 222
[22-May-2023 13:49:34 UTC] PHP Warning:  Undefined array key "REDIRECT_HTTP_AUTHORIZATION" in C:\Users\Admin\Local Sites\unifacts\app\public\wp-content\plugins\jwt-authentication-for-wp-rest-api\public\class-jwt-auth-public.php on line 225
[22-May-2023 13:49:35 UTC] PHP Warning:  Undefined array key "HTTP_AUTHORIZATION" in C:\Users\Admin\Local Sites\unifacts\app\public\wp-content\plugins\jwt-authentication-for-wp-rest-api\public\class-jwt-auth-public.php on line 222
[22-May-2023 13:49:35 UTC] PHP Warning:  Undefined array key "REDIRECT_HTTP_AUTHORIZATION" in C:\Users\Admin\Local Sites\unifacts\app\public\wp-content\plugins\jwt-authentication-for-wp-rest-api\public\class-jwt-auth-public.php on line 225
[22-May-2023 13:49:35 UTC] PHP Warning:  Undefined array key "HTTP_AUTHORIZATION" in C:\Users\Admin\Local Sites\unifacts\app\public\wp-content\plugins\jwt-authentication-for-wp-rest-api\public\class-jwt-auth-public.php on line 222
[22-May-2023 13:49:35 UTC] PHP Warning:  Undefined array key "REDIRECT_HTTP_AUTHORIZATION" in C:\Users\Admin\Local Sites\unifacts\app\public\wp-content\plugins\jwt-authentication-for-wp-rest-api\public\class-jwt-auth-public.php on line 225
[22-May-2023 13:49:36 UTC] PHP Warning:  Undefined array key "HTTP_AUTHORIZATION" in C:\Users\Admin\Local Sites\unifacts\app\public\wp-content\plugins\jwt-authentication-for-wp-rest-api\public\class-jwt-auth-public.php on line 222
[22-May-2023 13:49:36 UTC] PHP Warning:  Undefined array key "REDIRECT_HTTP_AUTHORIZATION" in C:\Users\Admin\Local Sites\unifacts\app\public\wp-content\plugins\jwt-authentication-for-wp-rest-api\public\class-jwt-auth-public.php on line 225
[22-May-2023 13:49:36 UTC] PHP Warning:  Undefined array key "HTTP_AUTHORIZATION" in C:\Users\Admin\Local Sites\unifacts\app\public\wp-content\plugins\jwt-authentication-for-wp-rest-api\public\class-jwt-auth-public.php on line 222
[22-May-2023 13:49:36 UTC] PHP Warning:  Undefined array key "REDIRECT_HTTP_AUTHORIZATION" in C:\Users\Admin\Local Sites\unifacts\app\public\wp-content\plugins\jwt-authentication-for-wp-rest-api\public\class-jwt-auth-public.php on line 225
[22-May-2023 13:49:45 UTC] PHP Warning:  Undefined array key "HTTP_AUTHORIZATION" in C:\Users\Admin\Local Sites\unifacts\app\public\wp-content\plugins\jwt-authentication-for-wp-rest-api\public\class-jwt-auth-public.php on line 222
[22-May-2023 13:49:45 UTC] PHP Warning:  Undefined array key "REDIRECT_HTTP_AUTHORIZATION" in C:\Users\Admin\Local Sites\unifacts\app\public\wp-content\plugins\jwt-authentication-for-wp-rest-api\public\class-jwt-auth-public.php on line 225
[22-May-2023 13:49:45 UTC] PHP Warning:  Undefined array key "HTTP_AUTHORIZATION" in C:\Users\Admin\Local Sites\unifacts\app\public\wp-content\plugins\jwt-authentication-for-wp-rest-api\public\class-jwt-auth-public.php on line 222
[22-May-2023 13:49:45 UTC] PHP Warning:  Undefined array key "REDIRECT_HTTP_AUTHORIZATION" in C:\Users\Admin\Local Sites\unifacts\app\public\wp-content\plugins\jwt-authentication-for-wp-rest-api\public\class-jwt-auth-public.php on line 225
[22-May-2023 13:50:16 UTC] PHP Warning:  Undefined array key "HTTP_AUTHORIZATION" in C:\Users\Admin\Local Sites\unifacts\app\public\wp-content\plugins\jwt-authentication-for-wp-rest-api\public\class-jwt-auth-public.php on line 222
[22-May-2023 13:50:16 UTC] PHP Warning:  Undefined array key "REDIRECT_HTTP_AUTHORIZATION" in C:\Users\Admin\Local Sites\unifacts\app\public\wp-content\plugins\jwt-authentication-for-wp-rest-api\public\class-jwt-auth-public.php on line 225
[22-May-2023 13:50:16 UTC] PHP Warning:  Undefined array key "HTTP_AUTHORIZATION" in C:\Users\Admin\Local Sites\unifacts\app\public\wp-content\plugins\jwt-authentication-for-wp-rest-api\public\class-jwt-auth-public.php on line 222
[22-May-2023 13:50:16 UTC] PHP Warning:  Undefined array key "REDIRECT_HTTP_AUTHORIZATION" in C:\Users\Admin\Local Sites\unifacts\app\public\wp-content\plugins\jwt-authentication-for-wp-rest-api\public\class-jwt-auth-public.php on line 225
[23-May-2023 13:00:26 UTC] PHP Warning:  Constant karlmagnusnokl01 already defined in C:\Users\Admin\Local Sites\unifacts\app\public\wp-config.php on line 33
[23-May-2023 13:02:27 UTC] PHP Warning:  Constant karlmagnusnokl01 already defined in C:\Users\Admin\Local Sites\unifacts\app\public\wp-config.php on line 33
[23-May-2023 13:04:28 UTC] PHP Warning:  Constant DB_karlmagnusnokl01 already defined in C:\Users\Admin\Local Sites\unifacts\app\public\wp-config.php on line 27
[23-May-2023 13:04:28 UTC] PHP Warning:  Constant DB_karlmagnusnokl01 already defined in C:\Users\Admin\Local Sites\unifacts\app\public\wp-config.php on line 33
[23-May-2023 13:06:29 UTC] PHP Warning:  Constant karlmagnusnokl01 already defined in C:\Users\Admin\Local Sites\unifacts\app\public\wp-config.php on line 33
[23-May-2023 13:08:30 UTC] PHP Warning:  Constant karlmagnusnokl01 already defined in C:\Users\Admin\Local Sites\unifacts\app\public\wp-config.php on line 33
[25-Sep-2023 17:27:22 UTC] PHP Warning:  Failed loading Zend extension 'php_opcache.dll' (tried: C:/Program Files (x86)/Local/resources/extraResources/lightning-services/php-8.1.9+8/bin/win64/ext\php_opcache.dll (Den angitte modulen ble ikke funnet), C:/Program Files (x86)/Local/resources/extraResources/lightning-services/php-8.1.9+8/bin/win64/ext\php_php_opcache.dll.dll (Den angitte modulen ble ikke funnet)) in Unknown on line 0
[25-Sep-2023 17:27:22 UTC] PHP Warning:  Failed loading Zend extension 'php_xdebug.dll' (tried: C:/Program Files (x86)/Local/resources/extraResources/lightning-services/php-8.1.9+8/bin/win64/ext\php_xdebug.dll (Den angitte modulen ble ikke funnet), C:/Program Files (x86)/Local/resources/extraResources/lightning-services/php-8.1.9+8/bin/win64/ext\php_php_xdebug.dll.dll (Den angitte modulen ble ikke funnet)) in Unknown on line 0
[25-Sep-2023 17:27:22 UTC] PHP Warning:  PHP Startup: Unable to load dynamic library 'php_curl.dll' (tried: C:/Program Files (x86)/Local/resources/extraResources/lightning-services/php-8.1.9+8/bin/win64/ext\php_curl.dll (Den angitte modulen ble ikke funnet), C:/Program Files (x86)/Local/resources/extraResources/lightning-services/php-8.1.9+8/bin/win64/ext\php_php_curl.dll.dll (Den angitte modulen ble ikke funnet)) in Unknown on line 0
[25-Sep-2023 17:27:22 UTC] PHP Warning:  PHP Startup: Unable to load dynamic library 'php_gettext.dll' (tried: C:/Program Files (x86)/Local/resources/extraResources/lightning-services/php-8.1.9+8/bin/win64/ext\php_gettext.dll (Den angitte modulen ble ikke funnet), C:/Program Files (x86)/Local/resources/extraResources/lightning-services/php-8.1.9+8/bin/win64/ext\php_php_gettext.dll.dll (Den angitte modulen ble ikke funnet)) in Unknown on line 0
[25-Sep-2023 17:27:22 UTC] PHP Warning:  PHP Startup: Unable to load dynamic library 'php_openssl.dll' (tried: C:/Program Files (x86)/Local/resources/extraResources/lightning-services/php-8.1.9+8/bin/win64/ext\php_openssl.dll (Den angitte modulen ble ikke funnet), C:/Program Files (x86)/Local/resources/extraResources/lightning-services/php-8.1.9+8/bin/win64/ext\php_php_openssl.dll.dll (Den angitte modulen ble ikke funnet)) in Unknown on line 0
[25-Sep-2023 17:27:22 UTC] PHP Warning:  PHP Startup: Unable to load dynamic library 'php_exif.dll' (tried: C:/Program Files (x86)/Local/resources/extraResources/lightning-services/php-8.1.9+8/bin/win64/ext\php_exif.dll (Den angitte modulen ble ikke funnet), C:/Program Files (x86)/Local/resources/extraResources/lightning-services/php-8.1.9+8/bin/win64/ext\php_php_exif.dll.dll (Den angitte modulen ble ikke funnet)) in Unknown on line 0
[25-Sep-2023 17:27:22 UTC] PHP Warning:  PHP Startup: Unable to load dynamic library 'php_gd.dll' (tried: C:/Program Files (x86)/Local/resources/extraResources/lightning-services/php-8.1.9+8/bin/win64/ext\php_gd.dll (Den angitte modulen ble ikke funnet), C:/Program Files (x86)/Local/resources/extraResources/lightning-services/php-8.1.9+8/bin/win64/ext\php_php_gd.dll.dll (Den angitte modulen ble ikke funnet)) in Unknown on line 0
[25-Sep-2023 17:27:22 UTC] PHP Warning:  PHP Startup: Unable to load dynamic library 'php_ftp.dll' (tried: C:/Program Files (x86)/Local/resources/extraResources/lightning-services/php-8.1.9+8/bin/win64/ext\php_ftp.dll (Den angitte modulen ble ikke funnet), C:/Program Files (x86)/Local/resources/extraResources/lightning-services/php-8.1.9+8/bin/win64/ext\php_php_ftp.dll.dll (Den angitte modulen ble ikke funnet)) in Unknown on line 0
[25-Sep-2023 17:27:22 UTC] PHP Warning:  PHP Startup: Unable to load dynamic library 'php_imap.dll' (tried: C:/Program Files (x86)/Local/resources/extraResources/lightning-services/php-8.1.9+8/bin/win64/ext\php_imap.dll (Den angitte modulen ble ikke funnet), C:/Program Files (x86)/Local/resources/extraResources/lightning-services/php-8.1.9+8/bin/win64/ext\php_php_imap.dll.dll (Den angitte modulen ble ikke funnet)) in Unknown on line 0
[25-Sep-2023 17:27:22 UTC] PHP Warning:  PHP Startup: Unable to load dynamic library 'php_bz2.dll' (tried: C:/Program Files (x86)/Local/resources/extraResources/lightning-services/php-8.1.9+8/bin/win64/ext\php_bz2.dll (Den angitte modulen ble ikke funnet), C:/Program Files (x86)/Local/resources/extraResources/lightning-services/php-8.1.9+8/bin/win64/ext\php_php_bz2.dll.dll (Den angitte modulen ble ikke funnet)) in Unknown on line 0
[25-Sep-2023 17:27:22 UTC] PHP Warning:  PHP Startup: Unable to load dynamic library 'php_mbstring.dll' (tried: C:/Program Files (x86)/Local/resources/extraResources/lightning-services/php-8.1.9+8/bin/win64/ext\php_mbstring.dll (Den angitte modulen ble ikke funnet), C:/Program Files (x86)/Local/resources/extraResources/lightning-services/php-8.1.9+8/bin/win64/ext\php_php_mbstring.dll.dll (Den angitte modulen ble ikke funnet)) in Unknown on line 0
[25-Sep-2023 17:27:22 UTC] PHP Warning:  PHP Startup: Unable to load dynamic library 'php_sodium.dll' (tried: C:/Program Files (x86)/Local/resources/extraResources/lightning-services/php-8.1.9+8/bin/win64/ext\php_sodium.dll (Den angitte modulen ble ikke funnet), C:/Program Files (x86)/Local/resources/extraResources/lightning-services/php-8.1.9+8/bin/win64/ext\php_php_sodium.dll.dll (Den angitte modulen ble ikke funnet)) in Unknown on line 0
[25-Sep-2023 17:27:22 UTC] PHP Warning:  PHP Startup: Unable to load dynamic library 'php_tidy.dll' (tried: C:/Program Files (x86)/Local/resources/extraResources/lightning-services/php-8.1.9+8/bin/win64/ext\php_tidy.dll (Den angitte modulen ble ikke funnet), C:/Program Files (x86)/Local/resources/extraResources/lightning-services/php-8.1.9+8/bin/win64/ext\php_php_tidy.dll.dll (Den angitte modulen ble ikke funnet)) in Unknown on line 0
[25-Sep-2023 17:27:22 UTC] PHP Warning:  PHP Startup: Unable to load dynamic library 'php_xsl.dll' (tried: C:/Program Files (x86)/Local/resources/extraResources/lightning-services/php-8.1.9+8/bin/win64/ext\php_xsl.dll (Den angitte modulen ble ikke funnet), C:/Program Files (x86)/Local/resources/extraResources/lightning-services/php-8.1.9+8/bin/win64/ext\php_php_xsl.dll.dll (Den angitte modulen ble ikke funnet)) in Unknown on line 0
[25-Sep-2023 17:27:22 UTC] PHP Warning:  PHP Startup: Unable to load dynamic library 'php_soap.dll' (tried: C:/Program Files (x86)/Local/resources/extraResources/lightning-services/php-8.1.9+8/bin/win64/ext\php_soap.dll (Den angitte modulen ble ikke funnet), C:/Program Files (x86)/Local/resources/extraResources/lightning-services/php-8.1.9+8/bin/win64/ext\php_php_soap.dll.dll (Den angitte modulen ble ikke funnet)) in Unknown on line 0
[25-Sep-2023 17:27:22 UTC] PHP Warning:  PHP Startup: Unable to load dynamic library 'php_mysqli.dll' (tried: C:/Program Files (x86)/Local/resources/extraResources/lightning-services/php-8.1.9+8/bin/win64/ext\php_mysqli.dll (Den angitte modulen ble ikke funnet), C:/Program Files (x86)/Local/resources/extraResources/lightning-services/php-8.1.9+8/bin/win64/ext\php_php_mysqli.dll.dll (Den angitte modulen ble ikke funnet)) in Unknown on line 0
[25-Sep-2023 17:27:22 UTC] PHP Warning:  PHP Startup: Unable to load dynamic library 'php_pdo_mysql.dll' (tried: C:/Program Files (x86)/Local/resources/extraResources/lightning-services/php-8.1.9+8/bin/win64/ext\php_pdo_mysql.dll (Den angitte modulen ble ikke funnet), C:/Program Files (x86)/Local/resources/extraResources/lightning-services/php-8.1.9+8/bin/win64/ext\php_php_pdo_mysql.dll.dll (Den angitte modulen ble ikke funnet)) in Unknown on line 0
[25-Sep-2023 17:27:22 UTC] PHP Warning:  PHP Startup: Unable to load dynamic library 'php_fileinfo.dll' (tried: C:/Program Files (x86)/Local/resources/extraResources/lightning-services/php-8.1.9+8/bin/win64/ext\php_fileinfo.dll (Den angitte modulen ble ikke funnet), C:/Program Files (x86)/Local/resources/extraResources/lightning-services/php-8.1.9+8/bin/win64/ext\php_php_fileinfo.dll.dll (Den angitte modulen ble ikke funnet)) in Unknown on line 0
[25-Sep-2023 17:27:22 UTC] PHP Warning:  PHP Startup: Unable to load dynamic library 'php_intl.dll' (tried: C:/Program Files (x86)/Local/resources/extraResources/lightning-services/php-8.1.9+8/bin/win64/ext\php_intl.dll (Den angitte modulen ble ikke funnet), C:/Program Files (x86)/Local/resources/extraResources/lightning-services/php-8.1.9+8/bin/win64/ext\php_php_intl.dll.dll (Den angitte modulen ble ikke funnet)) in Unknown on line 0
[25-Sep-2023 17:27:22 UTC] PHP Warning:  Failed loading Zend extension 'php_opcache.dll' (tried: C:/Program Files (x86)/Local/resources/extraResources/lightning-services/php-8.1.9+8/bin/win64/ext\php_opcache.dll (Den angitte modulen ble ikke funnet), C:/Program Files (x86)/Local/resources/extraResources/lightning-services/php-8.1.9+8/bin/win64/ext\php_php_opcache.dll.dll (Den angitte modulen ble ikke funnet)) in Unknown on line 0
[25-Sep-2023 17:27:22 UTC] PHP Warning:  Failed loading Zend extension 'php_xdebug.dll' (tried: C:/Program Files (x86)/Local/resources/extraResources/lightning-services/php-8.1.9+8/bin/win64/ext\php_xdebug.dll (Den angitte modulen ble ikke funnet), C:/Program Files (x86)/Local/resources/extraResources/lightning-services/php-8.1.9+8/bin/win64/ext\php_php_xdebug.dll.dll (Den angitte modulen ble ikke funnet)) in Unknown on line 0
[25-Sep-2023 17:27:22 UTC] PHP Warning:  PHP Startup: Unable to load dynamic library 'php_curl.dll' (tried: C:/Program Files (x86)/Local/resources/extraResources/lightning-services/php-8.1.9+8/bin/win64/ext\php_curl.dll (Den angitte modulen ble ikke funnet), C:/Program Files (x86)/Local/resources/extraResources/lightning-services/php-8.1.9+8/bin/win64/ext\php_php_curl.dll.dll (Den angitte modulen ble ikke funnet)) in Unknown on line 0
[25-Sep-2023 17:27:22 UTC] PHP Warning:  PHP Startup: Unable to load dynamic library 'php_gettext.dll' (tried: C:/Program Files (x86)/Local/resources/extraResources/lightning-services/php-8.1.9+8/bin/win64/ext\php_gettext.dll (Den angitte modulen ble ikke funnet), C:/Program Files (x86)/Local/resources/extraResources/lightning-services/php-8.1.9+8/bin/win64/ext\php_php_gettext.dll.dll (Den angitte modulen ble ikke funnet)) in Unknown on line 0
[25-Sep-2023 17:27:22 UTC] PHP Warning:  PHP Startup: Unable to load dynamic library 'php_openssl.dll' (tried: C:/Program Files (x86)/Local/resources/extraResources/lightning-services/php-8.1.9+8/bin/win64/ext\php_openssl.dll (Den angitte modulen ble ikke funnet), C:/Program Files (x86)/Local/resources/extraResources/lightning-services/php-8.1.9+8/bin/win64/ext\php_php_openssl.dll.dll (Den angitte modulen ble ikke funnet)) in Unknown on line 0
[25-Sep-2023 17:27:22 UTC] PHP Warning:  PHP Startup: Unable to load dynamic library 'php_exif.dll' (tried: C:/Program Files (x86)/Local/resources/extraResources/lightning-services/php-8.1.9+8/bin/win64/ext\php_exif.dll (Den angitte modulen ble ikke funnet), C:/Program Files (x86)/Local/resources/extraResources/lightning-services/php-8.1.9+8/bin/win64/ext\php_php_exif.dll.dll (Den angitte modulen ble ikke funnet)) in Unknown on line 0
[25-Sep-2023 17:27:22 UTC] PHP Warning:  PHP Startup: Unable to load dynamic library 'php_gd.dll' (tried: C:/Program Files (x86)/Local/resources/extraResources/lightning-services/php-8.1.9+8/bin/win64/ext\php_gd.dll (Den angitte modulen ble ikke funnet), C:/Program Files (x86)/Local/resources/extraResources/lightning-services/php-8.1.9+8/bin/win64/ext\php_php_gd.dll.dll (Den angitte modulen ble ikke funnet)) in Unknown on line 0
[25-Sep-2023 17:27:22 UTC] PHP Warning:  PHP Startup: Unable to load dynamic library 'php_ftp.dll' (tried: C:/Program Files (x86)/Local/resources/extraResources/lightning-services/php-8.1.9+8/bin/win64/ext\php_ftp.dll (Den angitte modulen ble ikke funnet), C:/Program Files (x86)/Local/resources/extraResources/lightning-services/php-8.1.9+8/bin/win64/ext\php_php_ftp.dll.dll (Den angitte modulen ble ikke funnet)) in Unknown on line 0
[25-Sep-2023 17:27:22 UTC] PHP Warning:  PHP Startup: Unable to load dynamic library 'php_imap.dll' (tried: C:/Program Files (x86)/Local/resources/extraResources/lightning-services/php-8.1.9+8/bin/win64/ext\php_imap.dll (Den angitte modulen ble ikke funnet), C:/Program Files (x86)/Local/resources/extraResources/lightning-services/php-8.1.9+8/bin/win64/ext\php_php_imap.dll.dll (Den angitte modulen ble ikke funnet)) in Unknown on line 0
[25-Sep-2023 17:27:22 UTC] PHP Warning:  PHP Startup: Unable to load dynamic library 'php_bz2.dll' (tried: C:/Program Files (x86)/Local/resources/extraResources/lightning-services/php-8.1.9+8/bin/win64/ext\php_bz2.dll (Den angitte modulen ble ikke funnet), C:/Program Files (x86)/Local/resources/extraResources/lightning-services/php-8.1.9+8/bin/win64/ext\php_php_bz2.dll.dll (Den angitte modulen ble ikke funnet)) in Unknown on line 0
[25-Sep-2023 17:27:22 UTC] PHP Warning:  PHP Startup: Unable to load dynamic library 'php_mbstring.dll' (tried: C:/Program Files (x86)/Local/resources/extraResources/lightning-services/php-8.1.9+8/bin/win64/ext\php_mbstring.dll (Den angitte modulen ble ikke funnet), C:/Program Files (x86)/Local/resources/extraResources/lightning-services/php-8.1.9+8/bin/win64/ext\php_php_mbstring.dll.dll (Den angitte modulen ble ikke funnet)) in Unknown on line 0
[25-Sep-2023 17:27:22 UTC] PHP Warning:  PHP Startup: Unable to load dynamic library 'php_sodium.dll' (tried: C:/Program Files (x86)/Local/resources/extraResources/lightning-services/php-8.1.9+8/bin/win64/ext\php_sodium.dll (Den angitte modulen ble ikke funnet), C:/Program Files (x86)/Local/resources/extraResources/lightning-services/php-8.1.9+8/bin/win64/ext\php_php_sodium.dll.dll (Den angitte modulen ble ikke funnet)) in Unknown on line 0
[25-Sep-2023 17:27:22 UTC] PHP Warning:  PHP Startup: Unable to load dynamic library 'php_tidy.dll' (tried: C:/Program Files (x86)/Local/resources/extraResources/lightning-services/php-8.1.9+8/bin/win64/ext\php_tidy.dll (Den angitte modulen ble ikke funnet), C:/Program Files (x86)/Local/resources/extraResources/lightning-services/php-8.1.9+8/bin/win64/ext\php_php_tidy.dll.dll (Den angitte modulen ble ikke funnet)) in Unknown on line 0
[25-Sep-2023 17:27:22 UTC] PHP Warning:  PHP Startup: Unable to load dynamic library 'php_xsl.dll' (tried: C:/Program Files (x86)/Local/resources/extraResources/lightning-services/php-8.1.9+8/bin/win64/ext\php_xsl.dll (Den angitte modulen ble ikke funnet), C:/Program Files (x86)/Local/resources/extraResources/lightning-services/php-8.1.9+8/bin/win64/ext\php_php_xsl.dll.dll (Den angitte modulen ble ikke funnet)) in Unknown on line 0
[25-Sep-2023 17:27:22 UTC] PHP Warning:  PHP Startup: Unable to load dynamic library 'php_soap.dll' (tried: C:/Program Files (x86)/Local/resources/extraResources/lightning-services/php-8.1.9+8/bin/win64/ext\php_soap.dll (Den angitte modulen ble ikke funnet), C:/Program Files (x86)/Local/resources/extraResources/lightning-services/php-8.1.9+8/bin/win64/ext\php_php_soap.dll.dll (Den angitte modulen ble ikke funnet)) in Unknown on line 0
[25-Sep-2023 17:27:22 UTC] PHP Warning:  PHP Startup: Unable to load dynamic library 'php_mysqli.dll' (tried: C:/Program Files (x86)/Local/resources/extraResources/lightning-services/php-8.1.9+8/bin/win64/ext\php_mysqli.dll (Den angitte modulen ble ikke funnet), C:/Program Files (x86)/Local/resources/extraResources/lightning-services/php-8.1.9+8/bin/win64/ext\php_php_mysqli.dll.dll (Den angitte modulen ble ikke funnet)) in Unknown on line 0
[25-Sep-2023 17:27:22 UTC] PHP Warning:  PHP Startup: Unable to load dynamic library 'php_pdo_mysql.dll' (tried: C:/Program Files (x86)/Local/resources/extraResources/lightning-services/php-8.1.9+8/bin/win64/ext\php_pdo_mysql.dll (Den angitte modulen ble ikke funnet), C:/Program Files (x86)/Local/resources/extraResources/lightning-services/php-8.1.9+8/bin/win64/ext\php_php_pdo_mysql.dll.dll (Den angitte modulen ble ikke funnet)) in Unknown on line 0
[25-Sep-2023 17:27:22 UTC] PHP Warning:  PHP Startup: Unable to load dynamic library 'php_fileinfo.dll' (tried: C:/Program Files (x86)/Local/resources/extraResources/lightning-services/php-8.1.9+8/bin/win64/ext\php_fileinfo.dll (Den angitte modulen ble ikke funnet), C:/Program Files (x86)/Local/resources/extraResources/lightning-services/php-8.1.9+8/bin/win64/ext\php_php_fileinfo.dll.dll (Den angitte modulen ble ikke funnet)) in Unknown on line 0
[25-Sep-2023 17:27:22 UTC] PHP Warning:  PHP Startup: Unable to load dynamic library 'php_intl.dll' (tried: C:/Program Files (x86)/Local/resources/extraResources/lightning-services/php-8.1.9+8/bin/win64/ext\php_intl.dll (Den angitte modulen ble ikke funnet), C:/Program Files (x86)/Local/resources/extraResources/lightning-services/php-8.1.9+8/bin/win64/ext\php_php_intl.dll.dll (Den angitte modulen ble ikke funnet)) in Unknown on line 0
[25-Sep-2023 17:27:23 UTC] PHP Warning:  Failed loading Zend extension 'php_opcache.dll' (tried: C:/Program Files (x86)/Local/resources/extraResources/lightning-services/php-8.1.9+8/bin/win64/ext\php_opcache.dll (Den angitte modulen ble ikke funnet), C:/Program Files (x86)/Local/resources/extraResources/lightning-services/php-8.1.9+8/bin/win64/ext\php_php_opcache.dll.dll (Den angitte modulen ble ikke funnet)) in Unknown on line 0
[25-Sep-2023 17:27:23 UTC] PHP Warning:  Failed loading Zend extension 'php_xdebug.dll' (tried: C:/Program Files (x86)/Local/resources/extraResources/lightning-services/php-8.1.9+8/bin/win64/ext\php_xdebug.dll (Den angitte modulen ble ikke funnet), C:/Program Files (x86)/Local/resources/extraResources/lightning-services/php-8.1.9+8/bin/win64/ext\php_php_xdebug.dll.dll (Den angitte modulen ble ikke funnet)) in Unknown on line 0
[25-Sep-2023 17:27:23 UTC] PHP Warning:  PHP Startup: Unable to load dynamic library 'php_curl.dll' (tried: C:/Program Files (x86)/Local/resources/extraResources/lightning-services/php-8.1.9+8/bin/win64/ext\php_curl.dll (Den angitte modulen ble ikke funnet), C:/Program Files (x86)/Local/resources/extraResources/lightning-services/php-8.1.9+8/bin/win64/ext\php_php_curl.dll.dll (Den angitte modulen ble ikke funnet)) in Unknown on line 0
[25-Sep-2023 17:27:23 UTC] PHP Warning:  PHP Startup: Unable to load dynamic library 'php_gettext.dll' (tried: C:/Program Files (x86)/Local/resources/extraResources/lightning-services/php-8.1.9+8/bin/win64/ext\php_gettext.dll (Den angitte modulen ble ikke funnet), C:/Program Files (x86)/Local/resources/extraResources/lightning-services/php-8.1.9+8/bin/win64/ext\php_php_gettext.dll.dll (Den angitte modulen ble ikke funnet)) in Unknown on line 0
[25-Sep-2023 17:27:23 UTC] PHP Warning:  PHP Startup: Unable to load dynamic library 'php_openssl.dll' (tried: C:/Program Files (x86)/Local/resources/extraResources/lightning-services/php-8.1.9+8/bin/win64/ext\php_openssl.dll (Den angitte modulen ble ikke funnet), C:/Program Files (x86)/Local/resources/extraResources/lightning-services/php-8.1.9+8/bin/win64/ext\php_php_openssl.dll.dll (Den angitte modulen ble ikke funnet)) in Unknown on line 0
[25-Sep-2023 17:27:23 UTC] PHP Warning:  PHP Startup: Unable to load dynamic library 'php_exif.dll' (tried: C:/Program Files (x86)/Local/resources/extraResources/lightning-services/php-8.1.9+8/bin/win64/ext\php_exif.dll (Den angitte modulen ble ikke funnet), C:/Program Files (x86)/Local/resources/extraResources/lightning-services/php-8.1.9+8/bin/win64/ext\php_php_exif.dll.dll (Den angitte modulen ble ikke funnet)) in Unknown on line 0
[25-Sep-2023 17:27:23 UTC] PHP Warning:  PHP Startup: Unable to load dynamic library 'php_gd.dll' (tried: C:/Program Files (x86)/Local/resources/extraResources/lightning-services/php-8.1.9+8/bin/win64/ext\php_gd.dll (Den angitte modulen ble ikke funnet), C:/Program Files (x86)/Local/resources/extraResources/lightning-services/php-8.1.9+8/bin/win64/ext\php_php_gd.dll.dll (Den angitte modulen ble ikke funnet)) in Unknown on line 0
[25-Sep-2023 17:27:23 UTC] PHP Warning:  PHP Startup: Unable to load dynamic library 'php_ftp.dll' (tried: C:/Program Files (x86)/Local/resources/extraResources/lightning-services/php-8.1.9+8/bin/win64/ext\php_ftp.dll (Den angitte modulen ble ikke funnet), C:/Program Files (x86)/Local/resources/extraResources/lightning-services/php-8.1.9+8/bin/win64/ext\php_php_ftp.dll.dll (Den angitte modulen ble ikke funnet)) in Unknown on line 0
[25-Sep-2023 17:27:23 UTC] PHP Warning:  PHP Startup: Unable to load dynamic library 'php_imap.dll' (tried: C:/Program Files (x86)/Local/resources/extraResources/lightning-services/php-8.1.9+8/bin/win64/ext\php_imap.dll (Den angitte modulen ble ikke funnet), C:/Program Files (x86)/Local/resources/extraResources/lightning-services/php-8.1.9+8/bin/win64/ext\php_php_imap.dll.dll (Den angitte modulen ble ikke funnet)) in Unknown on line 0
[25-Sep-2023 17:27:23 UTC] PHP Warning:  PHP Startup: Unable to load dynamic library 'php_bz2.dll' (tried: C:/Program Files (x86)/Local/resources/extraResources/lightning-services/php-8.1.9+8/bin/win64/ext\php_bz2.dll (Den angitte modulen ble ikke funnet), C:/Program Files (x86)/Local/resources/extraResources/lightning-services/php-8.1.9+8/bin/win64/ext\php_php_bz2.dll.dll (Den angitte modulen ble ikke funnet)) in Unknown on line 0
[25-Sep-2023 17:27:23 UTC] PHP Warning:  PHP Startup: Unable to load dynamic library 'php_mbstring.dll' (tried: C:/Program Files (x86)/Local/resources/extraResources/lightning-services/php-8.1.9+8/bin/win64/ext\php_mbstring.dll (Den angitte modulen ble ikke funnet), C:/Program Files (x86)/Local/resources/extraResources/lightning-services/php-8.1.9+8/bin/win64/ext\php_php_mbstring.dll.dll (Den angitte modulen ble ikke funnet)) in Unknown on line 0
[25-Sep-2023 17:27:23 UTC] PHP Warning:  PHP Startup: Unable to load dynamic library 'php_sodium.dll' (tried: C:/Program Files (x86)/Local/resources/extraResources/lightning-services/php-8.1.9+8/bin/win64/ext\php_sodium.dll (Den angitte modulen ble ikke funnet), C:/Program Files (x86)/Local/resources/extraResources/lightning-services/php-8.1.9+8/bin/win64/ext\php_php_sodium.dll.dll (Den angitte modulen ble ikke funnet)) in Unknown on line 0
[25-Sep-2023 17:27:23 UTC] PHP Warning:  PHP Startup: Unable to load dynamic library 'php_tidy.dll' (tried: C:/Program Files (x86)/Local/resources/extraResources/lightning-services/php-8.1.9+8/bin/win64/ext\php_tidy.dll (Den angitte modulen ble ikke funnet), C:/Program Files (x86)/Local/resources/extraResources/lightning-services/php-8.1.9+8/bin/win64/ext\php_php_tidy.dll.dll (Den angitte modulen ble ikke funnet)) in Unknown on line 0
[25-Sep-2023 17:27:23 UTC] PHP Warning:  PHP Startup: Unable to load dynamic library 'php_xsl.dll' (tried: C:/Program Files (x86)/Local/resources/extraResources/lightning-services/php-8.1.9+8/bin/win64/ext\php_xsl.dll (Den angitte modulen ble ikke funnet), C:/Program Files (x86)/Local/resources/extraResources/lightning-services/php-8.1.9+8/bin/win64/ext\php_php_xsl.dll.dll (Den angitte modulen ble ikke funnet)) in Unknown on line 0
[25-Sep-2023 17:27:23 UTC] PHP Warning:  PHP Startup: Unable to load dynamic library 'php_soap.dll' (tried: C:/Program Files (x86)/Local/resources/extraResources/lightning-services/php-8.1.9+8/bin/win64/ext\php_soap.dll (Den angitte modulen ble ikke funnet), C:/Program Files (x86)/Local/resources/extraResources/lightning-services/php-8.1.9+8/bin/win64/ext\php_php_soap.dll.dll (Den angitte modulen ble ikke funnet)) in Unknown on line 0
[25-Sep-2023 17:27:23 UTC] PHP Warning:  PHP Startup: Unable to load dynamic library 'php_mysqli.dll' (tried: C:/Program Files (x86)/Local/resources/extraResources/lightning-services/php-8.1.9+8/bin/win64/ext\php_mysqli.dll (Den angitte modulen ble ikke funnet), C:/Program Files (x86)/Local/resources/extraResources/lightning-services/php-8.1.9+8/bin/win64/ext\php_php_mysqli.dll.dll (Den angitte modulen ble ikke funnet)) in Unknown on line 0
[25-Sep-2023 17:27:23 UTC] PHP Warning:  PHP Startup: Unable to load dynamic library 'php_pdo_mysql.dll' (tried: C:/Program Files (x86)/Local/resources/extraResources/lightning-services/php-8.1.9+8/bin/win64/ext\php_pdo_mysql.dll (Den angitte modulen ble ikke funnet), C:/Program Files (x86)/Local/resources/extraResources/lightning-services/php-8.1.9+8/bin/win64/ext\php_php_pdo_mysql.dll.dll (Den angitte modulen ble ikke funnet)) in Unknown on line 0
[25-Sep-2023 17:27:23 UTC] PHP Warning:  PHP Startup: Unable to load dynamic library 'php_fileinfo.dll' (tried: C:/Program Files (x86)/Local/resources/extraResources/lightning-services/php-8.1.9+8/bin/win64/ext\php_fileinfo.dll (Den angitte modulen ble ikke funnet), C:/Program Files (x86)/Local/resources/extraResources/lightning-services/php-8.1.9+8/bin/win64/ext\php_php_fileinfo.dll.dll (Den angitte modulen ble ikke funnet)) in Unknown on line 0
[25-Sep-2023 17:27:23 UTC] PHP Warning:  PHP Startup: Unable to load dynamic library 'php_intl.dll' (tried: C:/Program Files (x86)/Local/resources/extraResources/lightning-services/php-8.1.9+8/bin/win64/ext\php_intl.dll (Den angitte modulen ble ikke funnet), C:/Program Files (x86)/Local/resources/extraResources/lightning-services/php-8.1.9+8/bin/win64/ext\php_php_intl.dll.dll (Den angitte modulen ble ikke funnet)) in Unknown on line 0
[25-Sep-2023 17:27:23 UTC] PHP Warning:  Failed loading Zend extension 'php_opcache.dll' (tried: C:/Program Files (x86)/Local/resources/extraResources/lightning-services/php-8.1.9+8/bin/win64/ext\php_opcache.dll (Den angitte modulen ble ikke funnet), C:/Program Files (x86)/Local/resources/extraResources/lightning-services/php-8.1.9+8/bin/win64/ext\php_php_opcache.dll.dll (Den angitte modulen ble ikke funnet)) in Unknown on line 0
[25-Sep-2023 17:27:23 UTC] PHP Warning:  Failed loading Zend extension 'php_xdebug.dll' (tried: C:/Program Files (x86)/Local/resources/extraResources/lightning-services/php-8.1.9+8/bin/win64/ext\php_xdebug.dll (Den angitte modulen ble ikke funnet), C:/Program Files (x86)/Local/resources/extraResources/lightning-services/php-8.1.9+8/bin/win64/ext\php_php_xdebug.dll.dll (Den angitte modulen ble ikke funnet)) in Unknown on line 0
[25-Sep-2023 17:27:23 UTC] PHP Warning:  PHP Startup: Unable to load dynamic library 'php_curl.dll' (tried: C:/Program Files (x86)/Local/resources/extraResources/lightning-services/php-8.1.9+8/bin/win64/ext\php_curl.dll (Den angitte modulen ble ikke funnet), C:/Program Files (x86)/Local/resources/extraResources/lightning-services/php-8.1.9+8/bin/win64/ext\php_php_curl.dll.dll (Den angitte modulen ble ikke funnet)) in Unknown on line 0
[25-Sep-2023 17:27:23 UTC] PHP Warning:  PHP Startup: Unable to load dynamic library 'php_gettext.dll' (tried: C:/Program Files (x86)/Local/resources/extraResources/lightning-services/php-8.1.9+8/bin/win64/ext\php_gettext.dll (Den angitte modulen ble ikke funnet), C:/Program Files (x86)/Local/resources/extraResources/lightning-services/php-8.1.9+8/bin/win64/ext\php_php_gettext.dll.dll (Den angitte modulen ble ikke funnet)) in Unknown on line 0
[25-Sep-2023 17:27:23 UTC] PHP Warning:  PHP Startup: Unable to load dynamic library 'php_openssl.dll' (tried: C:/Program Files (x86)/Local/resources/extraResources/lightning-services/php-8.1.9+8/bin/win64/ext\php_openssl.dll (Den angitte modulen ble ikke funnet), C:/Program Files (x86)/Local/resources/extraResources/lightning-services/php-8.1.9+8/bin/win64/ext\php_php_openssl.dll.dll (Den angitte modulen ble ikke funnet)) in Unknown on line 0
[25-Sep-2023 17:27:23 UTC] PHP Warning:  PHP Startup: Unable to load dynamic library 'php_exif.dll' (tried: C:/Program Files (x86)/Local/resources/extraResources/lightning-services/php-8.1.9+8/bin/win64/ext\php_exif.dll (Den angitte modulen ble ikke funnet), C:/Program Files (x86)/Local/resources/extraResources/lightning-services/php-8.1.9+8/bin/win64/ext\php_php_exif.dll.dll (Den angitte modulen ble ikke funnet)) in Unknown on line 0
[25-Sep-2023 17:27:23 UTC] PHP Warning:  PHP Startup: Unable to load dynamic library 'php_gd.dll' (tried: C:/Program Files (x86)/Local/resources/extraResources/lightning-services/php-8.1.9+8/bin/win64/ext\php_gd.dll (Den angitte modulen ble ikke funnet), C:/Program Files (x86)/Local/resources/extraResources/lightning-services/php-8.1.9+8/bin/win64/ext\php_php_gd.dll.dll (Den angitte modulen ble ikke funnet)) in Unknown on line 0
[25-Sep-2023 17:27:23 UTC] PHP Warning:  PHP Startup: Unable to load dynamic library 'php_ftp.dll' (tried: C:/Program Files (x86)/Local/resources/extraResources/lightning-services/php-8.1.9+8/bin/win64/ext\php_ftp.dll (Den angitte modulen ble ikke funnet), C:/Program Files (x86)/Local/resources/extraResources/lightning-services/php-8.1.9+8/bin/win64/ext\php_php_ftp.dll.dll (Den angitte modulen ble ikke funnet)) in Unknown on line 0
[25-Sep-2023 17:27:23 UTC] PHP Warning:  PHP Startup: Unable to load dynamic library 'php_imap.dll' (tried: C:/Program Files (x86)/Local/resources/extraResources/lightning-services/php-8.1.9+8/bin/win64/ext\php_imap.dll (Den angitte modulen ble ikke funnet), C:/Program Files (x86)/Local/resources/extraResources/lightning-services/php-8.1.9+8/bin/win64/ext\php_php_imap.dll.dll (Den angitte modulen ble ikke funnet)) in Unknown on line 0
[25-Sep-2023 17:27:23 UTC] PHP Warning:  PHP Startup: Unable to load dynamic library 'php_bz2.dll' (tried: C:/Program Files (x86)/Local/resources/extraResources/lightning-services/php-8.1.9+8/bin/win64/ext\php_bz2.dll (Den angitte modulen ble ikke funnet), C:/Program Files (x86)/Local/resources/extraResources/lightning-services/php-8.1.9+8/bin/win64/ext\php_php_bz2.dll.dll (Den angitte modulen ble ikke funnet)) in Unknown on line 0
[25-Sep-2023 17:27:23 UTC] PHP Warning:  PHP Startup: Unable to load dynamic library 'php_mbstring.dll' (tried: C:/Program Files (x86)/Local/resources/extraResources/lightning-services/php-8.1.9+8/bin/win64/ext\php_mbstring.dll (Den angitte modulen ble ikke funnet), C:/Program Files (x86)/Local/resources/extraResources/lightning-services/php-8.1.9+8/bin/win64/ext\php_php_mbstring.dll.dll (Den angitte modulen ble ikke funnet)) in Unknown on line 0
[25-Sep-2023 17:27:23 UTC] PHP Warning:  PHP Startup: Unable to load dynamic library 'php_sodium.dll' (tried: C:/Program Files (x86)/Local/resources/extraResources/lightning-services/php-8.1.9+8/bin/win64/ext\php_sodium.dll (Den angitte modulen ble ikke funnet), C:/Program Files (x86)/Local/resources/extraResources/lightning-services/php-8.1.9+8/bin/win64/ext\php_php_sodium.dll.dll (Den angitte modulen ble ikke funnet)) in Unknown on line 0
[25-Sep-2023 17:27:23 UTC] PHP Warning:  PHP Startup: Unable to load dynamic library 'php_tidy.dll' (tried: C:/Program Files (x86)/Local/resources/extraResources/lightning-services/php-8.1.9+8/bin/win64/ext\php_tidy.dll (Den angitte modulen ble ikke funnet), C:/Program Files (x86)/Local/resources/extraResources/lightning-services/php-8.1.9+8/bin/win64/ext\php_php_tidy.dll.dll (Den angitte modulen ble ikke funnet)) in Unknown on line 0
[25-Sep-2023 17:27:23 UTC] PHP Warning:  PHP Startup: Unable to load dynamic library 'php_xsl.dll' (tried: C:/Program Files (x86)/Local/resources/extraResources/lightning-services/php-8.1.9+8/bin/win64/ext\php_xsl.dll (Den angitte modulen ble ikke funnet), C:/Program Files (x86)/Local/resources/extraResources/lightning-services/php-8.1.9+8/bin/win64/ext\php_php_xsl.dll.dll (Den angitte modulen ble ikke funnet)) in Unknown on line 0
[25-Sep-2023 17:27:23 UTC] PHP Warning:  PHP Startup: Unable to load dynamic library 'php_soap.dll' (tried: C:/Program Files (x86)/Local/resources/extraResources/lightning-services/php-8.1.9+8/bin/win64/ext\php_soap.dll (Den angitte modulen ble ikke funnet), C:/Program Files (x86)/Local/resources/extraResources/lightning-services/php-8.1.9+8/bin/win64/ext\php_php_soap.dll.dll (Den angitte modulen ble ikke funnet)) in Unknown on line 0
[25-Sep-2023 17:27:23 UTC] PHP Warning:  PHP Startup: Unable to load dynamic library 'php_mysqli.dll' (tried: C:/Program Files (x86)/Local/resources/extraResources/lightning-services/php-8.1.9+8/bin/win64/ext\php_mysqli.dll (Den angitte modulen ble ikke funnet), C:/Program Files (x86)/Local/resources/extraResources/lightning-services/php-8.1.9+8/bin/win64/ext\php_php_mysqli.dll.dll (Den angitte modulen ble ikke funnet)) in Unknown on line 0
[25-Sep-2023 17:27:23 UTC] PHP Warning:  PHP Startup: Unable to load dynamic library 'php_pdo_mysql.dll' (tried: C:/Program Files (x86)/Local/resources/extraResources/lightning-services/php-8.1.9+8/bin/win64/ext\php_pdo_mysql.dll (Den angitte modulen ble ikke funnet), C:/Program Files (x86)/Local/resources/extraResources/lightning-services/php-8.1.9+8/bin/win64/ext\php_php_pdo_mysql.dll.dll (Den angitte modulen ble ikke funnet)) in Unknown on line 0
[25-Sep-2023 17:27:23 UTC] PHP Warning:  PHP Startup: Unable to load dynamic library 'php_fileinfo.dll' (tried: C:/Program Files (x86)/Local/resources/extraResources/lightning-services/php-8.1.9+8/bin/win64/ext\php_fileinfo.dll (Den angitte modulen ble ikke funnet), C:/Program Files (x86)/Local/resources/extraResources/lightning-services/php-8.1.9+8/bin/win64/ext\php_php_fileinfo.dll.dll (Den angitte modulen ble ikke funnet)) in Unknown on line 0
[25-Sep-2023 17:27:23 UTC] PHP Warning:  PHP Startup: Unable to load dynamic library 'php_intl.dll' (tried: C:/Program Files (x86)/Local/resources/extraResources/lightning-services/php-8.1.9+8/bin/win64/ext\php_intl.dll (Den angitte modulen ble ikke funnet), C:/Program Files (x86)/Local/resources/extraResources/lightning-services/php-8.1.9+8/bin/win64/ext\php_php_intl.dll.dll (Den angitte modulen ble ikke funnet)) in Unknown on line 0
